<?xml version="1.0" encoding="UTF-8"?>
<!-- Generated by org.testng.reporters.JUnitXMLReporter -->
<testsuite hostname="cs-03" name="VideoTest" tests="3" failures="0" timestamp="6 Mar 2015 03:25:55 GMT" time="29.129" errors="0">
  <testcase name="testCreateCause" time="9.796" classname="org.tc.teater.Diandi_teach_center_001"/>
  <testcase name="displayJoinStudyForNoTrailerVideo" time="6.813" classname="org.tc.video.Diandi_video_display_001"/>
  <testcase name="displayJoinStudyForTrailerVideo" time="12.491" classname="org.tc.video.Diandi_video_display_002"/>
</testsuite> <!-- VideoTest -->
